<?xml version="1.0" encoding="UTF-8"?>
<!-- Generated by org.testng.reporters.JUnitReportReporter -->
<testsuite skipped="0" hostname="FVFZM5TLLYWG" name="FirstTestng.GroupTestCase" tests="4" failures="0" timestamp="2020-12-02T15:49:01 CET" time="6.337" errors="0">
  <testcase name="tc05_fundtransfer" time="0.003" classname="FirstTestng.GroupTestCase"/>
  <system-out/>
  <testcase name="tc01_LaunchUrl" time="4.321" classname="FirstTestng.GroupTestCase"/>
  <system-out/>
  <testcase name="tc03_Entercredentials" time="1.510" classname="FirstTestng.GroupTestCase"/>
  <system-out/>
  <testcase name="tc06_logout" time="0.503" classname="FirstTestng.GroupTestCase"/>
  <system-out/>
</testsuite> <!-- FirstTestng.GroupTestCase -->
