<?xml version="1.0" encoding="UTF-8"?>
<!-- Generated by org.testng.reporters.JUnitReportReporter -->
<testsuite skipped="0" hostname="FVFZM5TLLYWG" name="FirstTestng.PriorityTest" tests="3" failures="0" timestamp="2020-12-23T06:05:30 CET" time="7.385" errors="0">
  <testcase name="launchurl" time="6.228" classname="FirstTestng.PriorityTest"/>
  <system-out/>
  <testcase name="sperformearchtext" time="1.119" classname="FirstTestng.PriorityTest"/>
  <system-out/>
  <testcase name="facebookverifyresult" time="0.038" classname="FirstTestng.PriorityTest"/>
  <system-out/>
</testsuite> <!-- FirstTestng.PriorityTest -->
