<?xml version="1.0" encoding="UTF-8"?>
<!-- Generated by org.testng.reporters.JUnitReportReporter -->
<testsuite skipped="0" hostname="FVFZM5TLLYWG" name="com.demotours.register.Register" tests="5" failures="0" timestamp="2020-12-21T00:16:27 CET" time="5.581" errors="0">
  <testcase name="registerclick" time="0.577" classname="com.demotours.register.Register"/>
  <system-out/>
  <testcase name="verifyregisterpage" time="0.014" classname="com.demotours.register.Register"/>
  <system-out/>
  <testcase name="enterregister" time="4.254" classname="com.demotours.register.Register"/>
  <system-out/>
  <testcase name="verifyusername" time="0.040" classname="com.demotours.register.Register"/>
  <system-out/>
  <testcase name="signoff" time="0.696" classname="com.demotours.register.Register"/>
  <system-out/>
</testsuite> <!-- com.demotours.register.Register -->
