<?xml version="1.0" encoding="UTF-8"?>
<!-- Generated by org.testng.reporters.JUnitReportReporter -->
<testsuite skipped="0" hostname="FVFZM5TLLYWG" name="FirstTestng.NewTest" tests="3" failures="0" timestamp="2020-11-16T12:21:52 CET" time="0.043" errors="0">
  <testcase name="f" time="0.001" classname="FirstTestng.NewTest"/>
  <system-out/>
  <testcase name="abc" time="0.025" classname="FirstTestng.NewTest"/>
  <system-out/>
  <testcase name="testthree" time="0.017" classname="FirstTestng.NewTest"/>
  <system-out/>
</testsuite> <!-- FirstTestng.NewTest -->
