<?xml version="1.0" encoding="UTF-8"?>
<!-- Generated by org.testng.reporters.JUnitReportReporter -->
<testsuite skipped="0" hostname="FVFZM5TLLYWG" name="com.demotours.signin.SinIn" tests="4" failures="0" timestamp="2020-12-20T23:40:33 CET" time="7.154" errors="0">
  <testcase name="ClickSignIn" time="2.567" classname="com.demotours.signin.SinIn"/>
  <system-out/>
  <testcase name="Entercredentials" time="2.640" classname="com.demotours.signin.SinIn"/>
  <system-out/>
  <testcase name="verifyloginpage" time="0.024" classname="com.demotours.signin.SinIn"/>
  <system-out/>
  <testcase name="logout" time="1.923" classname="com.demotours.signin.SinIn"/>
  <system-out/>
</testsuite> <!-- com.demotours.signin.SinIn -->
