<?xml version="1.0" encoding="UTF-8"?>
<!-- Generated by org.testng.reporters.JUnitReportReporter -->
<testsuite skipped="0" hostname="FVFZM5TLLYWG" name="FirstTestng.OpenbrowserTest" tests="1" failures="0" timestamp="2020-11-16T12:55:05 CET" time="1.156" errors="0">
  <testcase name="f" time="1.156" classname="FirstTestng.OpenbrowserTest"/>
  <system-out/>
</testsuite> <!-- FirstTestng.OpenbrowserTest -->
