<?xml version="1.0" encoding="UTF-8"?>
<!-- Generated by org.testng.reporters.JUnitReportReporter -->
<testsuite skipped="0" hostname="FVFZM5TLLYWG" name="FirstTestng.TestParallel" tests="3" failures="0" timestamp="2020-12-07T23:42:25 CET" time="25.007" errors="0">
  <testcase name="executeSessionOne" time="8.997" classname="FirstTestng.TestParallel"/>
  <system-out/>
  <testcase name="executeSessionTwo" time="8.330" classname="FirstTestng.TestParallel"/>
  <system-out/>
  <testcase name="executeSessionThree" time="7.680" classname="FirstTestng.TestParallel"/>
  <system-out/>
</testsuite> <!-- FirstTestng.TestParallel -->
